Performing C SOURCE FILE Test CMAKE_HAVE_LIBC_PTHREAD failed with the following output:
Change Dir: /home/brookxie/myPGO/build/CMakeFiles/CMakeTmp

Run Build Command(s):/usr/bin/make cmTC_a9ab9/fast && /usr/bin/make  -f CMakeFiles/cmTC_a9ab9.dir/build.make CMakeFiles/cmTC_a9ab9.dir/build
make[1]: 进入目录“/home/brookxie/myPGO/build/CMakeFiles/CMakeTmp”
Building C object CMakeFiles/cmTC_a9ab9.dir/src.c.o
/usr/bin/cc   -DCMAKE_HAVE_LIBC_PTHREAD   -o CMakeFiles/cmTC_a9ab9.dir/src.c.o   -c /home/brookxie/myPGO/build/CMakeFiles/CMakeTmp/src.c
Linking C executable cmTC_a9ab9
/usr/bin/cmake -E cmake_link_script CMakeFiles/cmTC_a9ab9.dir/link.txt --verbose=1
/usr/bin/cc  -DCMAKE_HAVE_LIBC_PTHREAD    -rdynamic CMakeFiles/cmTC_a9ab9.dir/src.c.o  -o cmTC_a9ab9 
CMakeFiles/cmTC_a9ab9.dir/src.c.o：在函数‘main’中：
src.c:(.text+0x3e)：对‘pthread_create’未定义的引用
src.c:(.text+0x4a)：对‘pthread_detach’未定义的引用
src.c:(.text+0x5b)：对‘pthread_join’未定义的引用
src.c:(.text+0x6f)：对‘pthread_atfork’未定义的引用
collect2: error: ld returned 1 exit status
CMakeFiles/cmTC_a9ab9.dir/build.make:89: recipe for target 'cmTC_a9ab9' failed
make[1]: *** [cmTC_a9ab9] Error 1
make[1]: 离开目录“/home/brookxie/myPGO/build/CMakeFiles/CMakeTmp”
Makefile:124: recipe for target 'cmTC_a9ab9/fast' failed
make: *** [cmTC_a9ab9/fast] Error 2


Source file was:
#include <pthread.h>

void* test_func(void* data)
{
  return data;
}

int main(void)
{
  pthread_t thread;
  pthread_create(&thread, NULL, test_func, NULL);
  pthread_detach(thread);
  pthread_join(thread, NULL);
  pthread_atfork(NULL, NULL, NULL);
  pthread_exit(NULL);

  return 0;
}

Determining if the function pthread_create exists in the pthreads failed with the following output:
Change Dir: /home/brookxie/myPGO/build/CMakeFiles/CMakeTmp

Run Build Command(s):/usr/bin/make cmTC_463e8/fast && /usr/bin/make  -f CMakeFiles/cmTC_463e8.dir/build.make CMakeFiles/cmTC_463e8.dir/build
make[1]: 进入目录“/home/brookxie/myPGO/build/CMakeFiles/CMakeTmp”
Building C object CMakeFiles/cmTC_463e8.dir/CheckFunctionExists.c.o
/usr/bin/cc   -DCHECK_FUNCTION_EXISTS=pthread_create   -o CMakeFiles/cmTC_463e8.dir/CheckFunctionExists.c.o   -c /usr/share/cmake-3.16/Modules/CheckFunctionExists.c
Linking C executable cmTC_463e8
/usr/bin/cmake -E cmake_link_script CMakeFiles/cmTC_463e8.dir/link.txt --verbose=1
/usr/bin/cc  -DCHECK_FUNCTION_EXISTS=pthread_create    -rdynamic CMakeFiles/cmTC_463e8.dir/CheckFunctionExists.c.o  -o cmTC_463e8  -lpthreads 
/usr/bin/ld: 找不到 -lpthreads
collect2: error: ld returned 1 exit status
CMakeFiles/cmTC_463e8.dir/build.make:89: recipe for target 'cmTC_463e8' failed
make[1]: *** [cmTC_463e8] Error 1
make[1]: 离开目录“/home/brookxie/myPGO/build/CMakeFiles/CMakeTmp”
Makefile:124: recipe for target 'cmTC_463e8/fast' failed
make: *** [cmTC_463e8/fast] Error 2



